<?xml version="1.0" encoding="UTF-8"?>
<!-- Generated by org.testng.reporters.JUnitReportReporter -->
<testsuite hostname="Poppy" failures="0" tests="3" name="TestPackege.TestDemo" time="0.007" errors="0" timestamp="2022-10-22T00:19:08 IST" skipped="0">
  <testcase classname="TestPackege.TestDemo" name="thoiswillrunn" time="0.002"/>
  <system-out/>
  <testcase classname="TestPackege.TestDemo" name="Dead2" time="0.003"/>
  <system-out/>
  <testcase classname="TestPackege.TestDemo" name="Dead" time="0.002"/>
  <system-out/>
</testsuite> <!-- TestPackege.TestDemo -->
