<?xml version="1.0" encoding="UTF-8"?>
<!-- Generated by org.testng.reporters.JUnitReportReporter -->
<testsuite hostname="Poppy" failures="0" tests="6" name="TestPackege.Day3" time="0.013" errors="0" timestamp="2022-10-22T00:19:08 IST" skipped="1">
  <testcase classname="TestPackege.Day3" name="m3" time="0.006"/>
  <system-out/>
  <testcase classname="TestPackege.Day3" name="thoiswillr" time="0.002"/>
  <system-out/>
  <testcase classname="TestPackege.Day3" name="thoiswillrunn" time="0.001"/>
  <system-out/>
  <testcase classname="TestPackege.Day3" name="dt" time="0.001"/>
  <system-out/>
  <testcase classname="TestPackege.Day3" name="mr" time="0.003"/>
  <system-out/>
  <testcase classname="TestPackege.Day3" name="mree">
    <skipped/>
  </testcase> <!-- mree -->
  <system-out/>
</testsuite> <!-- TestPackege.Day3 -->
