<?xml version="1.0" encoding="UTF-8"?>
<!-- Generated by org.testng.reporters.JUnitReportReporter -->
<testsuite hostname="Poppy" failures="0" tests="3" name="TestPackege.Day2" time="0.009" errors="0" timestamp="2022-10-22T00:19:08 IST" skipped="0">
  <testcase classname="TestPackege.Day2" name="memmo" time="0.005"/>
  <system-out/>
  <testcase classname="TestPackege.Day2" name="mobileLoginCarLoad" time="0.001"/>
  <system-out/>
  <testcase classname="TestPackege.Day2" name="thoiswillrunn" time="0.003"/>
  <system-out/>
</testsuite> <!-- TestPackege.Day2 -->
