<?xml version="1.0" encoding="UTF-8"?>
<!-- Generated by org.testng.reporters.JUnitReportReporter -->
<testsuite hostname="Poppy" failures="0" tests="2" name="TestDemo" time="0.009" errors="0" timestamp="2022-10-21T01:15:17 IST" skipped="0">
  <testcase classname="TestDemo" name="Dead2" time="0.001"/>
  <system-out/>
  <testcase classname="TestDemo" name="Dead" time="0.008"/>
  <system-out/>
</testsuite> <!-- TestDemo -->
